c:\users\k\dropbox\concordia\4.winter 2017\comp 371\comp371_project\comp371_project\debug\vc141.pdb
c:\users\k\dropbox\concordia\4.winter 2017\comp 371\comp371_project\comp371_project\debug\vc141.idb
c:\users\k\dropbox\concordia\4.winter 2017\comp 371\comp371_project\comp371_project\debug\citytilebuilder.obj
c:\users\k\dropbox\concordia\4.winter 2017\comp 371\comp371_project\comp371_project\debug\discoverysquare.obj
c:\users\k\dropbox\concordia\4.winter 2017\comp 371\comp371_project\comp371_project\debug\main.obj
c:\users\k\dropbox\concordia\4.winter 2017\comp 371\comp371_project\comp371_project\debug\rocktilebuilder.obj
c:\users\k\dropbox\concordia\4.winter 2017\comp 371\comp371_project\comp371_project\debug\stdafx.obj
c:\users\k\dropbox\concordia\4.winter 2017\comp 371\comp371_project\comp371_project\debug\tile.obj
e:\dropbox\concordia\4.winter 2017\comp 371\comp371_project\comp371_project\debug\vc141.pdb
e:\dropbox\concordia\4.winter 2017\comp 371\comp371_project\comp371_project\debug\vc141.idb
e:\dropbox\concordia\4.winter 2017\comp 371\comp371_project\comp371_project\debug\citytilebuilder.obj
e:\dropbox\concordia\4.winter 2017\comp 371\comp371_project\comp371_project\debug\discoverysquare.obj
e:\dropbox\concordia\4.winter 2017\comp 371\comp371_project\comp371_project\debug\main.obj
e:\dropbox\concordia\4.winter 2017\comp 371\comp371_project\comp371_project\debug\rocktilebuilder.obj
e:\dropbox\concordia\4.winter 2017\comp 371\comp371_project\comp371_project\debug\stdafx.obj
c:\users\k\dropbox\concordia\4.winter 2017\comp 371\comp371_project\debug\comp371_project.ilk
c:\users\k\dropbox\concordia\4.winter 2017\comp 371\comp371_project\debug\comp371_project.exe
c:\users\k\dropbox\concordia\4.winter 2017\comp 371\comp371_project\debug\comp371_project.pdb
e:\dropbox\concordia\4.winter 2017\comp 371\comp371_project\comp371_project\debug\tile.obj
e:\dropbox\concordia\4.winter 2017\comp 371\comp371_project\comp371_project\debug\vc140.idb
e:\dropbox\concordia\4.winter 2017\comp 371\comp371_project\comp371_project\debug\vc140.pdb
e:\dropbox\concordia\4.winter 2017\comp 371\comp371_project\debug\comp371_project.pdb
e:\dropbox\concordia\4.winter 2017\comp 371\comp371_project\debug\comp371_project.exe
e:\dropbox\concordia\4.winter 2017\comp 371\comp371_project\debug\comp371_project.ilk
e:\dropbox\concordia\4.winter 2017\comp 371\comp371_project\comp371_project\debug\comp371_project.tlog\cl.command.1.tlog
e:\dropbox\concordia\4.winter 2017\comp 371\comp371_project\comp371_project\debug\comp371_project.tlog\cl.read.1.tlog
e:\dropbox\concordia\4.winter 2017\comp 371\comp371_project\comp371_project\debug\comp371_project.tlog\cl.write.1.tlog
e:\dropbox\concordia\4.winter 2017\comp 371\comp371_project\comp371_project\debug\comp371_project.tlog\link.command.1.tlog
e:\dropbox\concordia\4.winter 2017\comp 371\comp371_project\comp371_project\debug\comp371_project.tlog\link.read.1.tlog
e:\dropbox\concordia\4.winter 2017\comp 371\comp371_project\comp371_project\debug\comp371_project.tlog\link.write.1.tlog
