  tile.cpp
e:\dropbox\concordia\4.winter 2017\comp 371\comp371_project\comp371_project\tile.cpp(69): warning C4244: '=': conversion from 'float' to 'int', possible loss of data
e:\dropbox\concordia\4.winter 2017\comp 371\comp371_project\comp371_project\tile.cpp(70): warning C4244: '=': conversion from 'float' to 'int', possible loss of data
  stdafx.cpp
  rockTileBuilder.cpp
e:\dropbox\concordia\4.winter 2017\comp 371\comp371_project\comp371_project\citytile.h(44): warning C4018: '<': signed/unsigned mismatch
e:\dropbox\concordia\4.winter 2017\comp 371\comp371_project\comp371_project\rocktilebuilder.cpp(72): warning C4244: 'argument': conversion from 'float' to 'int', possible loss of data
e:\dropbox\concordia\4.winter 2017\comp 371\comp371_project\comp371_project\rocktilebuilder.cpp(77): warning C4018: '<': signed/unsigned mismatch
e:\dropbox\concordia\4.winter 2017\comp 371\comp371_project\comp371_project\rocktilebuilder.cpp(81): warning C4244: 'argument': conversion from 'float' to 'int', possible loss of data
e:\dropbox\concordia\4.winter 2017\comp 371\comp371_project\comp371_project\rocktilebuilder.cpp(85): warning C4018: '<': signed/unsigned mismatch
e:\dropbox\concordia\4.winter 2017\comp 371\comp371_project\comp371_project\rocktilebuilder.cpp(89): warning C4244: 'argument': conversion from 'float' to 'int', possible loss of data
e:\dropbox\concordia\4.winter 2017\comp 371\comp371_project\comp371_project\rocktilebuilder.cpp(97): warning C4244: 'argument': conversion from 'float' to 'int', possible loss of data
e:\dropbox\concordia\4.winter 2017\comp 371\comp371_project\comp371_project\rocktilebuilder.cpp(302): warning C4804: '>=': unsafe use of type 'bool' in operation
e:\dropbox\concordia\4.winter 2017\comp 371\comp371_project\comp371_project\rocktilebuilder.cpp(321): warning C4804: '>=': unsafe use of type 'bool' in operation
  main.cpp
e:\dropbox\concordia\4.winter 2017\comp 371\comp371_project\comp371_project\citytile.h(44): warning C4018: '<': signed/unsigned mismatch
e:\dropbox\concordia\4.winter 2017\comp 371\comp371_project\comp371_project\main.cpp(72): warning C4244: 'argument': conversion from 'time_t' to 'unsigned int', possible loss of data
e:\dropbox\concordia\4.winter 2017\comp 371\comp371_project\comp371_project\main.cpp(258): warning C4244: 'initializing': conversion from 'double' to 'GLfloat', possible loss of data
e:\dropbox\concordia\4.winter 2017\comp 371\comp371_project\comp371_project\main.cpp(401): warning C4244: '=': conversion from 'double' to 'GLfloat', possible loss of data
e:\dropbox\concordia\4.winter 2017\comp 371\comp371_project\comp371_project\main.cpp(402): warning C4244: '=': conversion from 'double' to 'GLfloat', possible loss of data
e:\dropbox\concordia\4.winter 2017\comp 371\comp371_project\comp371_project\main.cpp(406): warning C4244: 'initializing': conversion from 'double' to 'GLfloat', possible loss of data
e:\dropbox\concordia\4.winter 2017\comp 371\comp371_project\comp371_project\main.cpp(407): warning C4244: 'initializing': conversion from 'double' to 'GLfloat', possible loss of data
e:\dropbox\concordia\4.winter 2017\comp 371\comp371_project\comp371_project\main.cpp(408): warning C4244: '=': conversion from 'double' to 'GLfloat', possible loss of data
e:\dropbox\concordia\4.winter 2017\comp 371\comp371_project\comp371_project\main.cpp(409): warning C4244: '=': conversion from 'double' to 'GLfloat', possible loss of data
e:\dropbox\concordia\4.winter 2017\comp 371\comp371_project\comp371_project\main.cpp(411): warning C4305: 'initializing': truncation from 'double' to 'GLfloat'
e:\dropbox\concordia\4.winter 2017\comp 371\comp371_project\comp371_project\main.cpp(435): warning C4244: '-=': conversion from 'double' to 'GLfloat', possible loss of data
  DiscoverySquare.cpp
e:\dropbox\concordia\4.winter 2017\comp 371\comp371_project\comp371_project\citytile.h(44): warning C4018: '<': signed/unsigned mismatch
e:\dropbox\concordia\4.winter 2017\comp 371\comp371_project\comp371_project\discoverysquare.cpp(34): warning C4244: 'initializing': conversion from 'float' to 'int', possible loss of data
e:\dropbox\concordia\4.winter 2017\comp 371\comp371_project\comp371_project\discoverysquare.cpp(35): warning C4244: 'initializing': conversion from 'float' to 'int', possible loss of data
e:\dropbox\concordia\4.winter 2017\comp 371\comp371_project\comp371_project\discoverysquare.cpp(36): warning C4244: 'initializing': conversion from 'float' to 'int', possible loss of data
e:\dropbox\concordia\4.winter 2017\comp 371\comp371_project\comp371_project\discoverysquare.cpp(37): warning C4244: 'initializing': conversion from 'float' to 'int', possible loss of data
e:\dropbox\concordia\4.winter 2017\comp 371\comp371_project\comp371_project\discoverysquare.cpp(38): warning C4018: '<': signed/unsigned mismatch
e:\dropbox\concordia\4.winter 2017\comp 371\comp371_project\comp371_project\discoverysquare.cpp(124): warning C4244: 'argument': conversion from 'float' to 'int', possible loss of data
e:\dropbox\concordia\4.winter 2017\comp 371\comp371_project\comp371_project\discoverysquare.cpp(132): warning C4018: '<': signed/unsigned mismatch
e:\dropbox\concordia\4.winter 2017\comp 371\comp371_project\comp371_project\discoverysquare.cpp(134): warning C4018: '<': signed/unsigned mismatch
e:\dropbox\concordia\4.winter 2017\comp 371\comp371_project\comp371_project\discoverysquare.cpp(181): warning C4018: '<': signed/unsigned mismatch
e:\dropbox\concordia\4.winter 2017\comp 371\comp371_project\comp371_project\discoverysquare.cpp(182): warning C4018: '<': signed/unsigned mismatch
e:\dropbox\concordia\4.winter 2017\comp 371\comp371_project\comp371_project\discoverysquare.cpp(192): warning C4018: '<': signed/unsigned mismatch
  cityTileBuilder.cpp
e:\dropbox\concordia\4.winter 2017\comp 371\comp371_project\comp371_project\citytile.h(44): warning C4018: '<': signed/unsigned mismatch
e:\dropbox\concordia\4.winter 2017\comp 371\comp371_project\comp371_project\citytilebuilder.cpp(243): warning C4018: '<': signed/unsigned mismatch
  Generating Code...
LINK : warning LNK4098: defaultlib 'MSVCRT' conflicts with use of other libs; use /NODEFAULTLIB:library
  COMP371_Project.vcxproj -> E:\Dropbox\Concordia\4.WINTER 2017\COMP 371\COMP371_Project\Debug\COMP371_Project.exe
